# JRE version: Java(TM) SE Runtime Environment (7.0_51-b13) (build 1.7.0_51-b13)
# Java VM: Java HotSpot(TM) Client VM (24.51-b03 mixed mode, sharing windows-x86 )
Heap
 def new generation   total 19136K, used 6028K [0x24350000, 0x25810000, 0x298a0000)
  eden space 17024K,  35% used [0x24350000, 0x249331d8, 0x253f0000)
  from space 2112K,   0% used [0x253f0000, 0x253f0000, 0x25600000)
  to   space 2112K,   0% used [0x25600000, 0x25600000, 0x25810000)
 tenured generation   total 42356K, used 25412K [0x298a0000, 0x2c1fd000, 0x34350000)
   the space 42356K,  59% used [0x298a0000, 0x2b171108, 0x2b171200, 0x2c1fd000)
 compacting perm gen  total 12288K, used 4161K [0x34350000, 0x34f50000, 0x38350000)
   the space 12288K,  33% used [0x34350000, 0x34760410, 0x34760600, 0x34f50000)
    ro space 10240K,  41% used [0x38350000, 0x38782050, 0x38782200, 0x38d50000)
    rw space 12288K,  52% used [0x38d50000, 0x39396800, 0x39396800, 0x39950000)
GC Heap History (10 events):
Event: 3.516 GC heap before
{Heap before GC invocations=12 (full 4):
 def new generation   total 9472K, used 8115K [0x24350000, 0x24d90000, 0x298a0000)
  eden space 8448K,  96% used [0x24350000, 0x24b3cd70, 0x24b90000)
  from space 1024K,   0% used [0x24b90000, 0x24b90000, 0x24c90000)
  to   space 1024K,   0% used [0x24c90000, 0x24c90000, 0x24d90000)
 tenured generation   total 20852K, used 12511K [0x298a0000, 0x2acfd000, 0x34350000)
   the space 20852K,  59% used [0x298a0000, 0x2a4d7c70, 0x2a4d7e00, 0x2acfd000)
 compacting perm gen  total 12288K, used 4103K [0x34350000, 0x34f50000, 0x38350000)
   the space 12288K,  33% used [0x34350000, 0x34751fa0, 0x34752000, 0x34f50000)
    ro space 10240K,  41% used [0x38350000, 0x38782050, 0x38782200, 0x38d50000)
    rw space 12288K,  52% used [0x38d50000, 0x39396800, 0x39396800, 0x39950000)
Event: 3.518 GC heap after
Heap after GC invocations=13 (full 4):
 def new generation   total 9472K, used 993K [0x24350000, 0x24d90000, 0x298a0000)
  eden space 8448K,   0% used [0x24350000, 0x24350000, 0x24b90000)
  from space 1024K,  97% used [0x24c90000, 0x24d88638, 0x24d90000)
  to   space 1024K,   0% used [0x24b90000, 0x24b90000, 0x24c90000)
 tenured generation   total 20852K, used 18772K [0x298a0000, 0x2acfd000, 0x34350000)
   the space 20852K,  90% used [0x298a0000, 0x2aaf5098, 0x2aaf5200, 0x2acfd000)
 compacting perm gen  total 12288K, used 4103K [0x34350000, 0x34f50000, 0x38350000)
   the space 12288K,  33% used [0x34350000, 0x34751fa0, 0x34752000, 0x34f50000)
    ro space 10240K,  41% used [0x38350000, 0x38782050, 0x38782200, 0x38d50000)
    rw space 12288K,  52% used [0x38d50000, 0x39396800, 0x39396800, 0x39950000)
}
Event: 45.838 GC heap before
{Heap before GC invocations=13 (full 4):
 def new generation   total 9472K, used 9150K [0x24350000, 0x24d90000, 0x298a0000)
  eden space 8448K,  96% used [0x24350000, 0x24b47298, 0x24b90000)
  from space 1024K,  97% used [0x24c90000, 0x24d88638, 0x24d90000)
  to   space 1024K,   0% used [0x24b90000, 0x24b90000, 0x24c90000)
 tenured generation   total 20852K, used 18772K [0x298a0000, 0x2acfd000, 0x34350000)
   the space 20852K,  90% used [0x298a0000, 0x2aaf5098, 0x2aaf5200, 0x2acfd000)
 compacting perm gen  total 12288K, used 4136K [0x34350000, 0x34f50000, 0x38350000)
   the space 12288K,  33% used [0x34350000, 0x3475a1b8, 0x3475a200, 0x34f50000)
    ro space 10240K,  41% used [0x38350000, 0x38782050, 0x38782200, 0x38d50000)
    rw space 12288K,  52% used [0x38d50000, 0x39396800, 0x39396800, 0x39950000)
Event: 45.858 GC heap after
Heap after GC invocations=14 (full 5):
 def new generation   total 9472K, used 0K [0x24350000, 0x24d90000, 0x298a0000)
  eden space 8448K,   0% used [0x24350000, 0x24350000, 0x24b90000)
  from space 1024K,   0% used [0x24b90000, 0x24b90000, 0x24c90000)
  to   space 1024K,   0% used [0x24c90000, 0x24c90000, 0x24d90000)
 tenured generation   total 20852K, used 2257K [0x298a0000, 0x2acfd000, 0x34350000)
   the space 20852K,  10% used [0x298a0000, 0x29ad4660, 0x29ad4800, 0x2acfd000)
 compacting perm gen  total 12288K, used 4136K [0x34350000, 0x34f50000, 0x38350000)
   the space 12288K,  33% used [0x34350000, 0x3475a1b8, 0x3475a200, 0x34f50000)
    ro space 10240K,  41% used [0x38350000, 0x38782050, 0x38782200, 0x38d50000)
    rw space 12288K,  52% used [0x38d50000, 0x39396800, 0x39396800, 0x39950000)
}
Event: 45.904 GC heap before
{Heap before GC invocations=14 (full 5):
 def new generation   total 9472K, used 8413K [0x24350000, 0x24d90000, 0x298a0000)
  eden space 8448K,  99% used [0x24350000, 0x24b874d8, 0x24b90000)
  from space 1024K,   0% used [0x24b90000, 0x24b90000, 0x24c90000)
  to   space 1024K,   0% used [0x24c90000, 0x24c90000, 0x24d90000)
 tenured generation   total 20852K, used 2257K [0x298a0000, 0x2acfd000, 0x34350000)
   the space 20852K,  10% used [0x298a0000, 0x29ad4660, 0x29ad4800, 0x2acfd000)
 compacting perm gen  total 12288K, used 4136K [0x34350000, 0x34f50000, 0x38350000)
   the space 12288K,  33% used [0x34350000, 0x3475a1e8, 0x3475a200, 0x34f50000)
    ro space 10240K,  41% used [0x38350000, 0x38782050, 0x38782200, 0x38d50000)
    rw space 12288K,  52% used [0x38d50000, 0x39396800, 0x39396800, 0x39950000)
Event: 45.906 GC heap after
Heap after GC invocations=15 (full 5):
 def new generation   total 9472K, used 176K [0x24350000, 0x24d90000, 0x298a0000)
  eden space 8448K,   0% used [0x24350000, 0x24350000, 0x24b90000)
  from space 1024K,  17% used [0x24c90000, 0x24cbc050, 0x24d90000)
  to   space 1024K,   0% used [0x24b90000, 0x24b90000, 0x24c90000)
 tenured generation   total 20852K, used 10136K [0x298a0000, 0x2acfd000, 0x34350000)
   the space 20852K,  48% used [0x298a0000, 0x2a286228, 0x2a286400, 0x2acfd000)
 compacting perm gen  total 12288K, used 4136K [0x34350000, 0x34f50000, 0x38350000)
   the space 12288K,  33% used [0x34350000, 0x3475a1e8, 0x3475a200, 0x34f50000)
    ro space 10240K,  41% used [0x38350000, 0x38782050, 0x38782200, 0x38d50000)
    rw space 12288K,  52% used [0x38d50000, 0x39396800, 0x39396800, 0x39950000)
}
Event: 45.953 GC heap before
{Heap before GC invocations=15 (full 5):
 def new generation   total 9472K, used 8549K [0x24350000, 0x24d90000, 0x298a0000)
  eden space 8448K,  99% used [0x24350000, 0x24b7d698, 0x24b90000)
  from space 1024K,  17% used [0x24c90000, 0x24cbc050, 0x24d90000)
  to   space 1024K,   0% used [0x24b90000, 0x24b90000, 0x24c90000)
 tenured generation   total 20852K, used 10136K [0x298a0000, 0x2acfd000, 0x34350000)
   the space 20852K,  48% used [0x298a0000, 0x2a286228, 0x2a286400, 0x2acfd000)
 compacting perm gen  total 12288K, used 4136K [0x34350000, 0x34f50000, 0x38350000)
   the space 12288K,  33% used [0x34350000, 0x3475a208, 0x3475a400, 0x34f50000)
    ro space 10240K,  41% used [0x38350000, 0x38782050, 0x38782200, 0x38d50000)
    rw space 12288K,  52% used [0x38d50000, 0x39396800, 0x39396800, 0x39950000)
Event: 45.955 GC heap after
Heap after GC invocations=16 (full 5):
 def new generation   total 9472K, used 392K [0x24350000, 0x24d90000, 0x298a0000)
  eden space 8448K,   0% used [0x24350000, 0x24350000, 0x24b90000)
  from space 1024K,  38% used [0x24b90000, 0x24bf2020, 0x24c90000)
  to   space 1024K,   0% used [0x24c90000, 0x24c90000, 0x24d90000)
 tenured generation   total 20852K, used 18066K [0x298a0000, 0x2acfd000, 0x34350000)
   the space 20852K,  86% used [0x298a0000, 0x2aa44868, 0x2aa44a00, 0x2acfd000)
 compacting perm gen  total 12288K, used 4136K [0x34350000, 0x34f50000, 0x38350000)
   the space 12288K,  33% used [0x34350000, 0x3475a208, 0x3475a400, 0x34f50000)
    ro space 10240K,  41% used [0x38350000, 0x38782050, 0x38782200, 0x38d50000)
    rw space 12288K,  52% used [0x38d50000, 0x39396800, 0x39396800, 0x39950000)
}
Event: 46.026 GC heap before
{Heap before GC invocations=16 (full 5):
 def new generation   total 9472K, used 7547K [0x24350000, 0x24d90000, 0x298a0000)
  eden space 8448K,  84% used [0x24350000, 0x24a4cc48, 0x24b90000)
  from space 1024K,  38% used [0x24b90000, 0x24bf2020, 0x24c90000)
  to   space 1024K,   0% used [0x24c90000, 0x24c90000, 0x24d90000)
 tenured generation   total 20852K, used 18066K [0x298a0000, 0x2acfd000, 0x34350000)
   the space 20852K,  86% used [0x298a0000, 0x2aa44868, 0x2aa44a00, 0x2acfd000)
 compacting perm gen  total 12288K, used 4136K [0x34350000, 0x34f50000, 0x38350000)
   the space 12288K,  33% used [0x34350000, 0x3475a208, 0x3475a400, 0x34f50000)
    ro space 10240K,  41% used [0x38350000, 0x38782050, 0x38782200, 0x38d50000)
    rw space 12288K,  52% used [0x38d50000, 0x39396800, 0x39396800, 0x39950000)
Event: 46.047 GC heap after
Heap after GC invocations=17 (full 6):
 def new generation   total 19136K, used 0K [0x24350000, 0x25810000, 0x298a0000)
  eden space 17024K,   0% used [0x24350000, 0x24350000, 0x253f0000)
  from space 2112K,   0% used [0x253f0000, 0x253f0000, 0x25600000)
  to   space 2112K,   0% used [0x25600000, 0x25600000, 0x25810000)
 tenured generation   total 42356K, used 25412K [0x298a0000, 0x2c1fd000, 0x34350000)
   the space 42356K,  59% used [0x298a0000, 0x2b171108, 0x2b171200, 0x2c1fd000)
 compacting perm gen  total 12288K, used 4136K [0x34350000, 0x34f50000, 0x38350000)
   the space 12288K,  33% used [0x34350000, 0x3475a208, 0x3475a400, 0x34f50000)
    ro space 10240K,  41% used [0x38350000, 0x38782050, 0x38782200, 0x38d50000)
    rw space 12288K,  52% used [0x38d50000, 0x39396800, 0x39396800, 0x39950000)
}

